13:35:16


User Access Verification

Username: 
Password: 
CNTZRT01091>show ip interface brief | I 2/0:15
Serial2/0:15               unassigned      YES NVRAM  up                    up      
13:35:34


User Access Verification

Username: 
Password: 
CNTZRT01091>show ip interface brief | I 2/0:15
Serial2/0:15               unassigned      YES NVRAM  up                    up      
14:11:22


User Access Verification

Username: 
Password: 
CNTZRT01091>show ip interface brief | I 2/0:15
Serial2/0:15               unassigned      YES NVRAM  up                    up      
14:13:01


User Access Verification

Username:
Password: 
CNTZRT01091>show ip interface brief | I 2/0:15
Serial2/0:15               unassigned      YES NVRAM  up                    up      
14:21:41


User Access Verification

Username: 
Password: 
CNTZRT01091>show ip interface brief | I 2/0:15
Serial2/0:15               unassigned      YES NVRAM  up                    up      
14:26:43


User Access Verification

Username: 
Password: 
CNTZRT01091>show ip interface brief | I 2/0:15
Serial2/0:15               unassigned      YES NVRAM  up                    up      
20:50:06


User Access Verification

Username: 
Password: 
CNTZRT01091>show ip interface brief | I 2/0:15
Serial2/0:15               unassigned      YES NVRAM  up                    up      
